<< CAP LS
<< PASS lol
<< NICK thamon
<< USER thamon thamon localhost :Tanguy HAMON
>> : NICK :thamon
>> :thamon!thamon@localhost 001 thamon :Welcome to the IRC Network, thamon!thamon@localhost
<< MODE thamon +i
>> :thamon!thamon@localhost 002 thamon :Your host is localhost, running version 0.42
>> :thamon!thamon@localhost 003 thamon :This server was created Thu Mar 30 18:28:24 2023
>> :thamon!thamon@localhost 004 thamon ircGames 0.42 iO
>> lki
>> :thamon!thamon@localhost 221 thamon +i
<< JOIN #test
>> :thamon!thamon@localhost 353 thamon = #test :@thamon
>> :thamon!thamon@localhost 366 thamon #test :End of /NAMES list
<< MODE #test
>> :thamon!thamon@localhost JOIN :#test
>> :thamon!thamon@localhost 324 thamon #test + 
--> chanquery mode
<< WHO #test
>> :thamon!thamon@localhost 315 thamon thamon :End of WHO list
<< PING thamon
>> :thamon!thamon@localhost PONG :thamon thamon
--> lag pong
<< MODE #test +i
>> :thamon!thamon@localhost 324 thamon #test +i 
<< MODE #test -i
>> :thamon!thamon@localhost 324 thamon #test + 
<< userhost t g g :g
<< MODE thamon -i
>> :thamon!thamon@localhost 221 thamon -i
<< WHO list
>> :thamon!thamon@localhost 352 thamon #test thamon localhost  thamon H :Tanguy HAMON
--> silent event who
>> :thamon!thamon@localhost 315 thamon thamon :End of WHO list
--> chanquery who end
<< WHO LIST
>> :thamon!thamon@localhost 352 thamon #test thamon localhost  thamon H :Tanguy HAMON
>> :thamon!thamon@localhost 315 thamon thamon :End of WHO list
<< userhost g g g :g
<< WHO LIST
>> :thamon!thamon@localhost 352 thamon #test thamon localhost  thamon H :Tanguy HAMON
>> :thamon!thamon@localhost 315 thamon thamon :End of WHO list
<< PING thamon
>> :thamon!thamon@localhost PONG :thamon thamon
--> lag pong
<< CAP LS
<< PASS lol
<< NICK thamon
<< USER thamon thamon localhost :Tanguy HAMON
>> : NICK :thamon
>> :thamon!thamon@localhost 001 thamon :Welcome to the IRC Network, thamon!thamon@localhost
<< MODE thamon +i
>> :thamon!thamon@localhost 002 thamon :Your host is localhost, running version 0.42
>> :thamon!thamon@localhost 003 thamon :This server was created Thu Mar 30 18:28:24 2023
>> :thamon!thamon@localhost 004 thamon ircGames 0.42 iO
>> lki
>> :thamon!thamon@localhost 221 thamon +i
<< JOIN #test
>> :thamon!thamon@localhost 353 thamon = #test :@thamon
>> :thamon!thamon@localhost 366 thamon #test :End of /NAMES list
<< MODE #test
>> :thamon!thamon@localhost JOIN :#test
>> :thamon!thamon@localhost 324 thamon #test + 
--> chanquery mode
<< WHO #test
>> :thamon!thamon@localhost 315 thamon thamon :End of WHO list
<< PING thamon
>> :thamon!thamon@localhost PONG :thamon thamon
--> lag pong
<< MODE #test +i
>> :thamon!thamon@localhost 324 thamon #test +i 
<< MODE #test -i
>> :thamon!thamon@localhost 324 thamon #test + 
<< userhost t g g :g
<< MODE thamon -i
>> :thamon!thamon@localhost 221 thamon -i
<< WHO list
>> :thamon!thamon@localhost 352 thamon #test thamon localhost  thamon H :Tanguy HAMON
--> silent event who
>> :thamon!thamon@localhost 315 thamon thamon :End of WHO list
--> chanquery who end
<< WHO LIST
>> :thamon!thamon@localhost 352 thamon #test thamon localhost  thamon H :Tanguy HAMON
>> :thamon!thamon@localhost 315 thamon thamon :End of WHO list
<< userhost g g g :g
<< WHO LIST
>> :thamon!thamon@localhost 352 thamon #test thamon localhost  thamon H :Tanguy HAMON
>> :thamon!thamon@localhost 315 thamon thamon :End of WHO list
<< PING thamon
>> :thamon!thamon@localhost PONG :thamon thamon
--> lag pong
<< userhost g g g :g
